[debug] [2019-09-26T18:16:44.790Z] ----------------------------------------------------------------------
[debug] [2019-09-26T18:16:44.795Z] Command:       C:\Users\DAVID\DOWNLO~1\firebase-tools-instant-win.exe C:\Users\DAVID\.cache\firebase\tools\lib\node_modules\firebase-tools\lib\bin\firebase init
[debug] [2019-09-26T18:16:44.795Z] CLI Version:   7.4.0
[debug] [2019-09-26T18:16:44.795Z] Platform:      win32
[debug] [2019-09-26T18:16:44.795Z] Node Version:  v8.16.0
[debug] [2019-09-26T18:16:44.796Z] Time:          Thu Sep 26 2019 21:16:44 GMT+0300 (E. Africa Standard Time)
[debug] [2019-09-26T18:16:44.796Z] ----------------------------------------------------------------------
[debug] 
[debug] [2019-09-26T18:16:44.811Z] > command requires scopes: ["email","openid","https://www.googleapis.com/auth/cloudplatformprojects.readonly","https://www.googleapis.com/auth/firebase","https://www.googleapis.com/auth/cloud-platform"]
[debug] [2019-09-26T18:16:44.811Z] > authorizing via signed-in user
[info] 
     ######## #### ########  ######## ########     ###     ######  ########
     ##        ##  ##     ## ##       ##     ##  ##   ##  ##       ##
     ######    ##  ########  ######   ########  #########  ######  ######
     ##        ##  ##    ##  ##       ##     ## ##     ##       ## ##
     ##       #### ##     ## ######## ########  ##     ##  ######  ########

You're about to initialize a Firebase project in this directory:

  C:\Users\DAVID\Downloads

[info] 
=== Project Setup
[info] 
[info] First, let's associate this project directory with a Firebase project.
[info] You can create multiple project aliases by running firebase use --add, 
[info] but for now we'll just set up a default project.
[info] 
[info] i  If you want to create a project in a Google Cloud organization or folder, please use "firebase projects:create" instead, and return to this command when you've created the project.
[debug] [2019-09-26T18:18:37.256Z] > refreshing access token with scopes: ["email","https://www.googleapis.com/auth/cloud-platform","https://www.googleapis.com/auth/cloudplatformprojects.readonly","https://www.googleapis.com/auth/firebase","openid"]
[debug] [2019-09-26T18:18:37.256Z] >>> HTTP REQUEST POST https://www.googleapis.com/oauth2/v3/token  
 <request body omitted>
[debug] [2019-09-26T18:18:37.939Z] <<< HTTP RESPONSE 200
[debug] [2019-09-26T18:18:38.034Z] >>> HTTP REQUEST POST https://cloudresourcemanager.googleapis.com/v1/projects  

[debug] [2019-09-26T18:18:40.217Z] <<< HTTP RESPONSE 409
[debug] [2019-09-26T18:18:40.217Z] <<< HTTP RESPONSE BODY
[debug] [2019-09-26T18:18:40.218Z] HTTP Error: 409, Requested entity already exists
[debug] [2019-09-26T18:18:40.531Z] FirebaseError: HTTP Error: 409, Requested entity already exists
    at module.exports (C:\Users\DAVID\.cache\firebase\tools\lib\node_modules\firebase-tools\lib\responseToError.js:38:12)
    at Request._callback (C:\Users\DAVID\.cache\firebase\tools\lib\node_modules\firebase-tools\lib\api.js:39:35)
    at Request.self.callback (C:\Users\DAVID\.cache\firebase\tools\lib\node_modules\request\request.js:185:22)
    at emitTwo (events.js:126:13)
    at Request.emit (events.js:214:7)
    at Request.<anonymous> (C:\Users\DAVID\.cache\firebase\tools\lib\node_modules\request\request.js:1161:10)
    at emitOne (events.js:116:13)
    at Request.emit (events.js:211:7)
    at IncomingMessage.<anonymous> (C:\Users\DAVID\.cache\firebase\tools\lib\node_modules\request\request.js:1083:12)
    at Object.onceWrapper (events.js:313:30)
[error] 
[error] Error: Failed to create Google Cloud project. See firebase-debug.log for more info.
